\BOOKMARK [1][-]{section.1}{keyword}{}% 1
\BOOKMARK [2][-]{subsection.1.1}{as}{section.1}% 2
\BOOKMARK [2][-]{subsection.1.2}{as? Type}{section.1}% 3
\BOOKMARK [2][-]{subsection.1.3}{by}{section.1}% 4
\BOOKMARK [2][-]{subsection.1.4}{delegate user agent}{section.1}% 5
\BOOKMARK [2][-]{subsection.1.5}{dynamic}{section.1}% 6
\BOOKMARK [2][-]{subsection.1.6}{get,set}{section.1}% 7
\BOOKMARK [2][-]{subsection.1.7}{where}{section.1}% 8
\BOOKMARK [2][-]{subsection.1.8}{open,final}{section.1}% 9
\BOOKMARK [2][-]{subsection.1.9}{infix}{section.1}% 10
\BOOKMARK [2][-]{subsection.1.10}{inner}{section.1}% 11
\BOOKMARK [2][-]{subsection.1.11}{private,protected,internal,public}{section.1}% 12
\BOOKMARK [3][-]{subsubsection.1.11.1}{in top-level in file}{subsection.1.11}% 13
\BOOKMARK [3][-]{subsubsection.1.11.2}{in class,interface}{subsection.1.11}% 14
\BOOKMARK [1][-]{section.2}{doc}{}% 15
\BOOKMARK [2][-]{subsection.2.1}{fun call}{section.2}% 16
\BOOKMARK [2][-]{subsection.2.2}{fun override}{section.2}% 17
\BOOKMARK [2][-]{subsection.2.3}{var val}{section.2}% 18
\BOOKMARK [3][-]{subsubsection.2.3.1}{var}{subsection.2.3}% 19
\BOOKMARK [3][-]{subsubsection.2.3.2}{val}{subsection.2.3}% 20
\BOOKMARK [2][-]{subsection.2.4}{switch,when}{section.2}% 21
