Arguments: 
  /usr/local/bin/node /learnwy/npm/bin/yarn

PATH: 
  /home/learnwy/bin:/home/learnwy/.local/bin:/home/learnwy/bin:/home/learnwy/.local/bin:/usr/local/sbin:/usr/local/bin:/usr/sbin:/usr/bin:/sbin:/bin:/usr/games:/usr/local/games:/snap/bin:/learnwy/app/bin:/learnwy/npm/bin:/learnwy/app/bin:/learnwy/npm/bin:/snap/bin

Yarn version: 
  0.27.5

Node version: 
  8.2.1

Platform: 
  linux x64

npm manifest: 
  {
    "name": "counter",
    "version": "0.0.1",
    "private": true,
    "devDependencies": {
      "enzyme": "^2.8.2",
      "react-scripts": "^1.0.2",
      "react-test-renderer": "^15.6.1"
    },
    "dependencies": {
      "prop-types": "^15.5.10",
      "react": "^15.5.0",
      "react-dom": "^15.5.0",
      "react-redux": "^5.0.5",
      "redux": "^3.5.2"
    },
    "scripts": {
      "start": "react-scripts start",
      "build": "react-scripts build",
      "eject": "react-scripts eject",
      "test": "react-scripts test"
    }
  }

yarn manifest: 
  No manifest

Lockfile: 
  No lockfile

Trace: 
  TypeError: https://registry.npm.taobao.org/ansi-regex: Cannot read property 'asyncReset' of null
      at Agent.addRequest (_http_agent.js:171:19)
      at new ClientRequest (_http_client.js:272:16)
      at Object.request (http.js:39:10)
      at Object.request (https.js:239:15)
      at Request.start (/learnwy/npm/lib/node_modules/yarn/node_modules/_request@2.81.0@request/request.js:755:32)
      at Request.end (/learnwy/npm/lib/node_modules/yarn/node_modules/_request@2.81.0@request/request.js:1525:10)
      at end (/learnwy/npm/lib/node_modules/yarn/node_modules/_request@2.81.0@request/request.js:567:14)
      at Immediate._onImmediate (/learnwy/npm/lib/node_modules/yarn/node_modules/_request@2.81.0@request/request.js:581:7)
      at runCallback (timers.js:781:20)
      at tryOnImmediate (timers.js:743:5)
